[debug] [2023-05-28T14:59:57.297Z] ----------------------------------------------------------------------
[debug] [2023-05-28T14:59:57.299Z] Command:       /usr/local/share/nvm/versions/node/v19.9.0/bin/node /home/codespace/nvm/current/bin/firebase init
[debug] [2023-05-28T14:59:57.299Z] CLI Version:   12.2.1
[debug] [2023-05-28T14:59:57.299Z] Platform:      linux
[debug] [2023-05-28T14:59:57.299Z] Node Version:  v19.9.0
[debug] [2023-05-28T14:59:57.300Z] Time:          Sun May 28 2023 14:59:57 GMT+0000 (Coordinated Universal Time)
[debug] [2023-05-28T14:59:57.300Z] Env Overrides: GITHUB_API_URL
[debug] [2023-05-28T14:59:57.300Z] ----------------------------------------------------------------------
[debug] 
[debug] [2023-05-28T14:59:57.372Z] > command requires scopes: ["email","openid","https://www.googleapis.com/auth/cloudplatformprojects.readonly","https://www.googleapis.com/auth/firebase","https://www.googleapis.com/auth/cloud-platform"]
[debug] [2023-05-28T14:59:57.372Z] > authorizing via signed-in user (22_elderchurchilomanik@smak1bpk.penabur.sch.id)
[info] 
     ######## #### ########  ######## ########     ###     ######  ########
     ##        ##  ##     ## ##       ##     ##  ##   ##  ##       ##
     ######    ##  ########  ######   ########  #########  ######  ######
     ##        ##  ##    ##  ##       ##     ## ##     ##       ## ##
     ##       #### ##     ## ######## ########  ##     ##  ######  ########

You're about to initialize a Firebase project in this directory:

  /workspaces/nirvanafc

Before we get started, keep in mind:

  * You are currently outside your home directory
  * You are initializing within an existing Firebase project directory

[info] 
=== Project Setup
[info] 
[info] First, let's associate this project directory with a Firebase project.
[info] You can create multiple project aliases by running firebase use --add, 
[info] but for now we'll just set up a default project.
[info] 
[debug] [2023-05-28T15:00:09.201Z] Using project from CLI flag: cv-svelte-fin-777
[debug] [2023-05-28T15:00:09.204Z] >>> [apiv2][query] GET https://firebase.googleapis.com/v1beta1/projects/cv-svelte-fin-777 [none]
[debug] [2023-05-28T15:00:09.596Z] <<< [apiv2][status] GET https://firebase.googleapis.com/v1beta1/projects/cv-svelte-fin-777 403
[debug] [2023-05-28T15:00:09.596Z] <<< [apiv2][body] GET https://firebase.googleapis.com/v1beta1/projects/cv-svelte-fin-777 {"error":{"code":403,"message":"The caller does not have permission","status":"PERMISSION_DENIED"}}
[debug] [2023-05-28T15:00:09.597Z] HTTP Error: 403, The caller does not have permission
[debug] [2023-05-28T15:00:09.615Z] FirebaseError: HTTP Error: 403, The caller does not have permission
    at responseToError (/usr/local/share/nvm/versions/node/v19.9.0/lib/node_modules/firebase-tools/lib/responseToError.js:49:12)
    at RetryOperation._fn (/usr/local/share/nvm/versions/node/v19.9.0/lib/node_modules/firebase-tools/lib/apiv2.js:288:77)
    at process.processTicksAndRejections (node:internal/process/task_queues:95:5)
[error] 
[error] Error: Failed to get Firebase project cv-svelte-fin-777. Please make sure the project exists and your account has permission to access it.
